<?xml version="1.0" encoding="UTF-8"?>
<!-- Generated by org.testng.reporters.JUnitXMLReporter -->
<testsuite ignored="0" hostname="DESKTOP-HOI4KIH" failures="2" tests="56" name="Test" time="106.259" errors="0" timestamp="2025-02-24T15:54:16 IST">
  <testcase classname="com.jspl_automation.test.CallMeTask1" name="callCloseTaskbuttonclickable" time="0.974"/>
  <testcase classname="com.jspl_automation.test.CallMeTask1" name="callCloseTaskSubmitbuttonclickable" time="0.335"/>
  <testcase classname="com.jspl_automation.test.CallMeTask1" name="callCloseTaskSubmitBreakbuttonclickable" time="0.349"/>
  <testcase classname="com.jspl_automation.test.CallMeTask1" name="callCloseTaskCancelbuttonclickable" time="0.272"/>
  <testcase classname="com.jspl_automation.test.CallMeTask1" name="callCloseTaskCrossIconclickable" time="1.071"/>
  <testcase classname="com.jspl_automation.test.CallMeTask1" name="callRescheduledbuttonclickable" time="0.952"/>
  <testcase classname="com.jspl_automation.test.CallMeTask1" name="callRescheduledSubmitbuttonclickable" time="0.321"/>
  <testcase classname="com.jspl_automation.test.CallMeTask1" name="callRescheduledSubmitBreakbuttonclickable" time="0.256"/>
  <testcase classname="com.jspl_automation.test.CallMeTask1" name="callRescheduledCancelbuttonclickable" time="0.279"/>
  <testcase classname="com.jspl_automation.test.CallMeTask1" name="callRescheduledCrossIconclickable" time="1.102"/>
  <testcase classname="com.jspl_automation.test.CallMeTask1" name="callCatalogClickable" time="0.407"/>
  <testcase classname="com.jspl_automation.test.CallMeTask1" name="callCatalogProductClickable" time="0.935"/>
  <testcase classname="com.jspl_automation.test.CallMeTask1" name="callCatalogProductCrossIconClickable" time="0.21"/>
  <testcase classname="com.jspl_automation.test.CallMeTask1" name="callPointsClickable" time="0.358"/>
  <testcase classname="com.jspl_automation.test.CallMeTask1" name="callPointsOptionClickable" time="0.873"/>
  <testcase classname="com.jspl_automation.test.CallMeTask1" name="callPointsOptionCrossIconClickable" time="0.244"/>
  <testcase classname="com.jspl_automation.test.CallMeTask1" name="callEscalationClickable" time="0.298"/>
  <testcase classname="com.jspl_automation.test.CallMeTask1" name="callEscalationListClickable" time="0.816"/>
  <testcase classname="com.jspl_automation.test.CallMeTask1" name="callEscalationListCrossIconClickable" time="0.224"/>
  <testcase classname="com.jspl_automation.test.CallMeTask1" name="callAddEscalationClickable" time="1.034"/>
  <testcase classname="com.jspl_automation.test.CallMeTask1" name="callAddEscalationSubmitClickable" time="0.225"/>
  <testcase classname="com.jspl_automation.test.CallMeTask1" name="callAddEscalationCancelClickable" time="0.248"/>
  <testcase classname="com.jspl_automation.test.CallMeTask1" name="callAddEscalationCrossIconClickable" time="1.215"/>
  <testcase classname="com.jspl_automation.test.CallMeTask1" name="callRedemptionClickable" time="0.273"/>
  <testcase classname="com.jspl_automation.test.CallMeTask1" name="callRedemptionHistoryClickable" time="0.86"/>
  <testcase classname="com.jspl_automation.test.CallMeTask1" name="callRedemptionHistoryCrossIconClickable" time="0.261"/>
  <testcase classname="com.jspl_automation.test.CallMeTask1" name="callAddRedemptionClickable" time="1.111"/>
  <testcase classname="com.jspl_automation.test.CallMeTask1" name="callAddRedemptionSubmitClickable" time="0.269"/>
  <testcase classname="com.jspl_automation.test.CallMeTask1" name="callAddRedemptionCancelClickable" time="0.22"/>
  <testcase classname="com.jspl_automation.test.CallMeTask1" name="callAddRedemptionCrossIconClickable" time="1.144"/>
  <testcase classname="com.jspl_automation.test.CallMeTask1" name="CallClaimAddButtonClickable" time="0.257"/>
  <testcase classname="com.jspl_automation.test.CallMeTask1" name="CallAddClaimButtonClickable" time="0.913"/>
  <testcase classname="com.jspl_automation.test.CallMeTask1" name="callAddClaimSubmitButtonClickable" time="0.302"/>
  <testcase classname="com.jspl_automation.test.CallMeTask1" name="callAddClaimCancelButtonClickable" time="0.24"/>
  <testcase classname="com.jspl_automation.test.CallMeTask1" name="callAddClaimCrossButtonClickable" time="1.17"/>
  <testcase classname="com.jspl_automation.test.CallMeTask1" name="callClaimStatusClickable" time="1.039"/>
  <testcase classname="com.jspl_automation.test.CallMeTask1" name="callClaimStatusCrossClickable" time="0.223"/>
  <testcase classname="com.jspl_automation.test.CallMeTask1" name="callVerifyClaimClickable" time="0.461"/>
  <testcase classname="com.jspl_automation.test.CallMeTask1" name="callAddEscalation" time="2.598"/>
  <testcase classname="com.jspl_automation.test.CallMeTask1" name="callSubmitEscalationVerifyNavigation" time="0.853"/>
  <testcase classname="com.jspl_automation.test.CallMeTask1" name="VerifyCallEscaListNameFilter" time="1.423"/>
  <testcase classname="com.jspl_automation.test.CallMeTask1" name="callAddClaimDealFieldMandotory" time="1.615"/>
  <testcase classname="com.jspl_automation.test.CallMeTask1" name="callAddClaimCustNameFieldMandotory" time="1.476"/>
  <testcase classname="com.jspl_automation.test.CallMeTask1" name="callAddClaimCustContactFieldMandotory" time="1.54"/>
  <testcase classname="com.jspl_automation.test.CallMeTask1" name="callAddClaimAddressFieldMandotory" time="1.515"/>
  <testcase classname="com.jspl_automation.test.CallMeTask1" name="callAddClaimProductFieldMandotory" time="1.547"/>
  <testcase classname="com.jspl_automation.test.CallMeTask1" name="callAddClaimPointsFieldMandotory" time="1.453"/>
  <testcase classname="com.jspl_automation.test.CallMeTask1" name="callAddClaimQtyFieldMandotory" time="1.455"/>
  <testcase classname="com.jspl_automation.test.CallMeTask1" name="callAddClaimNotSelectProductClickAddButton" time="7.871"/>
  <testcase classname="com.jspl_automation.test.CallMeTask1" name="callAddClaimNotSelectProductClickDeleteButton" time="8.1"/>
  <testcase classname="com.jspl_automation.test.CallMeTask1" name="callEnterClaimData" time="15.777"/>
  <testcase classname="com.jspl_automation.test.CallMeTask1" name="callAddClaimProducts" time="8.82"/>
  <testcase classname="com.jspl_automation.test.CallMeTask1" name="callAddClaimProducts" time="8.79"/>
  <testcase classname="com.jspl_automation.test.CallMeTask1" name="callAddClaimProducts" time="8.705"/>
  <testcase classname="com.jspl_automation.test.CallMeTask1" name="verifyCallClaimTotalPoints" time="0.199">
    <failure type="java.lang.NumberFormatException" message="For input string: &amp;quot;&amp;quot;">
      <![CDATA[java.lang.NumberFormatException: For input string: ""
at java.base/java.lang.NumberFormatException.forInputString(NumberFormatException.java:67)
at java.base/java.lang.Integer.parseInt(Integer.java:672)
at java.base/java.lang.Integer.parseInt(Integer.java:778)
at com.jspl_automation.test.CallMeTask1.verifyCallClaimTotalPoints(CallMeTask1.java:1328)
at java.base/java.util.ArrayList.forEach(ArrayList.java:1596)
... Removed 25 stack frames]]>
    </failure>
  </testcase> <!-- verifyCallClaimTotalPoints -->
  <testcase classname="com.jspl_automation.test.CallMeTask1" name="verifyCallClaimTotalPoints" time="0.226">
    <failure type="java.lang.NullPointerException" message="Cannot invoke &amp;quot;org.openqa.selenium.TakesScreenshot.getScreenshotAs(org.openqa.selenium.OutputType)&amp;quot; because &amp;quot;ts&amp;quot; is null">
      <![CDATA[java.lang.NullPointerException: Cannot invoke "org.openqa.selenium.TakesScreenshot.getScreenshotAs(org.openqa.selenium.OutputType)" because "ts" is null
at com.jspl_automation.utility.BaseClass.getScreenshot(BaseClass.java:242)
at com.jspl_automation.TestComponents.Listeners.onTestFailure(Listeners.java:51)
at java.base/java.util.ArrayList.forEach(ArrayList.java:1596)
... Removed 24 stack frames]]>
    </failure>
  </testcase> <!-- verifyCallClaimTotalPoints -->
</testsuite> <!-- Test -->
